z:\git\lrstar\msvc\lrstar\debug\vc120.pdb
z:\git\lrstar\msvc\lrstar\debug\vc120.idb
z:\git\lrstar\msvc\lrstar\debug\lgcreatetables.obj
z:\git\lrstar\msvc\lrstar\debug\lggeneratecode.obj
z:\git\lrstar\msvc\lrstar\debug\lglexer.obj
z:\git\lrstar\msvc\lrstar\debug\lgmain.obj
z:\git\lrstar\msvc\lrstar\debug\lgoptimizestates.obj
z:\git\lrstar\msvc\lrstar\debug\lgparser.obj
z:\git\lrstar\msvc\lrstar\debug\lgprintgrammar.obj
z:\git\lrstar\msvc\lrstar\debug\lgprintstates.obj
z:\git\lrstar\msvc\lrstar\debug\pgactions.obj
z:\git\lrstar\msvc\lrstar\debug\pgbuildlr0.obj
z:\git\lrstar\msvc\lrstar\debug\pgbuildlr1.obj
z:\git\lrstar\msvc\lrstar\debug\pgcheckgrammar.obj
z:\git\lrstar\msvc\lrstar\debug\pgcomputela.obj
z:\git\lrstar\msvc\lrstar\debug\pgcreatetables.obj
z:\git\lrstar\msvc\lrstar\debug\pglexer.obj
z:\git\lrstar\msvc\lrstar\debug\pgmain.obj
z:\git\lrstar\msvc\lrstar\debug\pgoptimizestates.obj
z:\git\lrstar\msvc\lrstar\debug\pgparser.obj
z:\git\lrstar\msvc\lrstar\debug\pgprinthtml.obj
z:\git\lrstar\msvc\lrstar\debug\pgprintstates.obj
z:\git\lrstar\msvc\lrstar\debug\lgactions.obj
z:\git\lrstar\msvc\lrstar\debug\lgaddextra.obj
z:\git\lrstar\msvc\lrstar\debug\lgbuildstates.obj
z:\git\lrstar\msvc\lrstar\debug\lgcheckgrammar.obj
z:\git\lrstar\msvc\lrstar\debug\lgcomputela.obj
z:\git\lrstar\msvc\lrstar\debug\comglobal.obj
z:\git\lrstar\msvc\lrstar\debug\commain.obj
z:\git\lrstar\msvc\lrstar\debug\lrstar.tlog\cl.command.1.tlog
z:\git\lrstar\msvc\lrstar\debug\lrstar.tlog\cl.read.1.tlog
z:\git\lrstar\msvc\lrstar\debug\lrstar.tlog\cl.write.1.tlog
